all tests > FailingSuite > failingTest() FAILED
    This is a test failure

15 tests completed, 10 succeeded, 4 skipped, 1 failed

FAILURE: Build failed with an exception.

* What went wrong:
Execution failed for task ':test'.
> Test(s) failed.
